\BOOKMARK [1][-]{section.1}{Introduction}{}% 1
\BOOKMARK [1][-]{section.2}{Related Work}{}% 2
\BOOKMARK [1][-]{section.3}{Background}{}% 3
\BOOKMARK [2][-]{subsection.3.1}{Least Squares Approximation}{section.3}% 4
\BOOKMARK [2][-]{subsection.3.2}{Levenberg-Marquardt Algorithm}{section.3}% 5
\BOOKMARK [2][-]{subsection.3.3}{ARIMA}{section.3}% 6
\BOOKMARK [2][-]{subsection.3.4}{Prophet}{section.3}% 7
\BOOKMARK [1][-]{section.4}{Engineering Applications of Time-series Forecasting}{}% 8
\BOOKMARK [1][-]{section.5}{Heuristic-based Model Training and Prediction}{}% 9
\BOOKMARK [1][-]{section.6}{Data Collection}{}% 10
\BOOKMARK [1][-]{section.7}{Results and Discussion}{}% 11
\BOOKMARK [2][-]{subsection.7.1}{ARIMA and its flavors}{section.7}% 12
\BOOKMARK [2][-]{subsection.7.2}{SVR}{section.7}% 13
\BOOKMARK [2][-]{subsection.7.3}{VAR}{section.7}% 14
\BOOKMARK [2][-]{subsection.7.4}{LSTM}{section.7}% 15
\BOOKMARK [2][-]{subsection.7.5}{Prophet}{section.7}% 16
\BOOKMARK [2][-]{subsection.7.6}{Proposed Model}{section.7}% 17
\BOOKMARK [1][-]{section.8}{Comparative Analysis}{}% 18
\BOOKMARK [2][-]{subsection.8.1}{Advantages over Other Vanilla Models}{section.8}% 19
\BOOKMARK [2][-]{subsection.8.2}{Comparison with Existing Researches}{section.8}% 20
\BOOKMARK [1][-]{section.9}{Conclusion}{}% 21
\BOOKMARK [1][-]{section.10}{Future Scope}{}% 22
