This is pdfTeX, Version 3.14159265-2.6-1.40.21 (MiKTeX 21.1) (preloaded format=pdflatex 2021.1.24)  21 APR 2021 14:27
entering extended mode
**./Ashu_COVID_Jobs.tex
(Ashu_COVID_Jobs.tex
LaTeX2e <2019-10-01> patch level 3
(IEEEtran.cls
Document Class: IEEEtran 2015/08/26 V1.8b by Michael Shell
-- See the "IEEEtran_HOWTO" manual for usage information.
-- http://www.michaelshell.org/tex/ieeetran/
\@IEEEtrantmpdimenA=\dimen102
\@IEEEtrantmpdimenB=\dimen103
\@IEEEtrantmpdimenC=\dimen104
\@IEEEtrantmpcountA=\count80
\@IEEEtrantmpcountB=\count81
\@IEEEtrantmpcountC=\count82
\@IEEEtrantmptoksA=\toks14
LaTeX Font Info:    Trying to load font information for OT1+ppl on input line 5
03.
(E:\MikTex\tex/latex/psnfss\ot1ppl.fd
File: ot1ppl.fd 2001/06/04 font definitions for OT1/ppl.
)
-- Using IEEE Computer Society mode.
-- Using 8.5in x 11in (letter) paper.
-- Using PDF output.
\@IEEEnormalsizeunitybaselineskip=\dimen105
-- This is a 10 point document.
\CLASSINFOnormalsizebaselineskip=\dimen106
\CLASSINFOnormalsizeunitybaselineskip=\dimen107
\IEEEnormaljot=\dimen108
LaTeX Font Info:    Font shape `OT1/ppl/bx/n' in size <5.01874> not available
(Font)              Font shape `OT1/ppl/b/n' tried instead on input line 1090.
LaTeX Font Info:    Font shape `OT1/ppl/bx/it' in size <5.01874> not available
(Font)              Font shape `OT1/ppl/b/it' tried instead on input line 1090.

LaTeX Font Info:    Font shape `OT1/ppl/bx/n' in size <7.02625> not available
(Font)              Font shape `OT1/ppl/b/n' tried instead on input line 1090.
LaTeX Font Info:    Font shape `OT1/ppl/bx/it' in size <7.02625> not available
(Font)              Font shape `OT1/ppl/b/it' tried instead on input line 1090.

LaTeX Font Info:    Font shape `OT1/ppl/bx/n' in size <8.03> not available
(Font)              Font shape `OT1/ppl/b/n' tried instead on input line 1090.
LaTeX Font Info:    Font shape `OT1/ppl/bx/it' in size <8.03> not available
(Font)              Font shape `OT1/ppl/b/it' tried instead on input line 1090.

LaTeX Font Info:    Font shape `OT1/ppl/bx/n' in size <9.03374> not available
(Font)              Font shape `OT1/ppl/b/n' tried instead on input line 1090.
LaTeX Font Info:    Font shape `OT1/ppl/bx/it' in size <9.03374> not available
(Font)              Font shape `OT1/ppl/b/it' tried instead on input line 1090.

LaTeX Font Info:    Font shape `OT1/ppl/bx/n' in size <9.53561> not available
(Font)              Font shape `OT1/ppl/b/n' tried instead on input line 1090.
LaTeX Font Info:    Font shape `OT1/ppl/bx/it' in size <9.53561> not available
(Font)              Font shape `OT1/ppl/b/it' tried instead on input line 1090.

LaTeX Font Info:    Font shape `OT1/ppl/bx/n' in size <11.04124> not available
(Font)              Font shape `OT1/ppl/b/n' tried instead on input line 1090.
LaTeX Font Info:    Font shape `OT1/ppl/bx/it' in size <11.04124> not available

(Font)              Font shape `OT1/ppl/b/it' tried instead on input line 1090.

LaTeX Font Info:    Font shape `OT1/ppl/bx/n' in size <12.045> not available
(Font)              Font shape `OT1/ppl/b/n' tried instead on input line 1090.
LaTeX Font Info:    Font shape `OT1/ppl/bx/it' in size <12.045> not available
(Font)              Font shape `OT1/ppl/b/it' tried instead on input line 1090.

LaTeX Font Info:    Font shape `OT1/ppl/bx/n' in size <17.06374> not available
(Font)              Font shape `OT1/ppl/b/n' tried instead on input line 1090.
LaTeX Font Info:    Font shape `OT1/ppl/bx/it' in size <17.06374> not available

(Font)              Font shape `OT1/ppl/b/it' tried instead on input line 1090.

LaTeX Font Info:    Font shape `OT1/ppl/bx/n' in size <20.075> not available
(Font)              Font shape `OT1/ppl/b/n' tried instead on input line 1090.
LaTeX Font Info:    Font shape `OT1/ppl/bx/it' in size <20.075> not available
(Font)              Font shape `OT1/ppl/b/it' tried instead on input line 1090.

LaTeX Font Info:    Font shape `OT1/ppl/bx/n' in size <24.09> not available
(Font)              Font shape `OT1/ppl/b/n' tried instead on input line 1090.
LaTeX Font Info:    Font shape `OT1/ppl/bx/it' in size <24.09> not available
(Font)              Font shape `OT1/ppl/b/it' tried instead on input line 1090.

\IEEEquantizedlength=\dimen109
\IEEEquantizedlengthdiff=\dimen110
\IEEEquantizedtextheightdiff=\dimen111
\IEEEilabelindentA=\dimen112
\IEEEilabelindentB=\dimen113
\IEEEilabelindent=\dimen114
\IEEEelabelindent=\dimen115
\IEEEdlabelindent=\dimen116
\IEEElabelindent=\dimen117
\IEEEiednormlabelsep=\dimen118
\IEEEiedmathlabelsep=\dimen119
\IEEEiedtopsep=\skip41
\c@section=\count83
\c@subsection=\count84
\c@subsubsection=\count85
\c@paragraph=\count86
\c@IEEEsubequation=\count87
\abovecaptionskip=\skip42
\belowcaptionskip=\skip43
\c@figure=\count88
\c@table=\count89
\@IEEEeqnnumcols=\count90
\@IEEEeqncolcnt=\count91
\@IEEEsubeqnnumrollback=\count92
\@IEEEquantizeheightA=\dimen120
\@IEEEquantizeheightB=\dimen121
\@IEEEquantizeheightC=\dimen122
\@IEEEquantizeprevdepth=\dimen123
\@IEEEquantizemultiple=\count93
\@IEEEquantizeboxA=\box27
\@IEEEtmpitemindent=\dimen124
\IEEEPARstartletwidth=\dimen125
\c@IEEEbiography=\count94
\@IEEEtranrubishbin=\box28
) (E:\MikTex\tex/latex/cite\cite.sty
LaTeX Info: Redefining \cite on input line 302.
LaTeX Info: Redefining \nocite on input line 332.
Package: cite 2015/02/27  v 5.5
)
(E:\MikTex\tex/latex/scalerel\scalerel.sty
Package: scalerel 2016/12/29 v1.8 Routines for constrained scaling and stretchi
ng of objects, relative to a reference object or in absolute terms
 (E:\MikTex\tex/latex/tools\calc.sty
Package: calc 2017/05/25 v4.3 Infix arithmetic (KKT,FJ)
\calc@Acount=\count95
\calc@Bcount=\count96
\calc@Adimen=\dimen126
\calc@Bdimen=\dimen127
\calc@Askip=\skip44
\calc@Bskip=\skip45
LaTeX Info: Redefining \setlength on input line 80.
LaTeX Info: Redefining \addtolength on input line 81.
\calc@Ccount=\count97
\calc@Cskip=\skip46
) (E:\MikTex\tex/latex/graphics\graphicx.sty
Package: graphicx 2020/09/09 v1.2b Enhanced LaTeX Graphics (DPC,SPQR)

(E:\MikTex\tex/latex/graphics\keyval.sty
Package: keyval 2014/10/28 v1.15 key=value parser (DPC)
\KV@toks@=\toks15
)
(E:\MikTex\tex/latex/graphics\graphics.sty
Package: graphics 2020/08/30 v1.4c Standard LaTeX Graphics (DPC,SPQR)

(E:\MikTex\tex/latex/graphics\trig.sty
Package: trig 2016/01/03 v1.10 sin cos tan (DPC)
)
(E:\MikTex\tex/latex/graphics-cfg\graphics.cfg
File: graphics.cfg 2016/06/04 v1.11 sample graphics configuration
)
Package graphics Info: Driver file: pdftex.def on input line 105.

(E:\MikTex\tex/latex/graphics-def\pdftex.def
File: pdftex.def 2020/10/05 v1.2a Graphics/color driver for pdftex
))
\Gin@req@height=\dimen128
\Gin@req@width=\dimen129
)
(E:\MikTex\tex/latex/etoolbox\etoolbox.sty
Package: etoolbox 2020/10/05 v2.5k e-TeX tools for LaTeX (JAW)
\etb@tempcnta=\count98
)
\thesrwidth=\skip47
\thesrheight=\skip48
\srblobheight=\skip49
\srblobdepth=\skip50
\mnxsrwidth=\skip51
\LMex=\skip52
\LMpt=\skip53
)
(E:\MikTex\tex/latex/pgf/frontendlayer\tikz.sty
(E:\MikTex\tex/latex/pgf/basiclayer\pgf.sty
(E:\MikTex\tex/latex/pgf/utilities\pgfrcs.sty
(E:\MikTex\tex/generic/pgf/utilities\pgfutil-common.tex
\pgfutil@everybye=\toks16
\pgfutil@tempdima=\dimen130
\pgfutil@tempdimb=\dimen131

(E:\MikTex\tex/generic/pgf/utilities\pgfutil-common-lists.tex))
(E:\MikTex\tex/generic/pgf/utilities\pgfutil-latex.def
\pgfutil@abb=\box29

(E:\MikTex\tex/latex/ms\everyshi.sty
Package: everyshi 2001/05/15 v3.00 EveryShipout Package (MS)
))
(E:\MikTex\tex/generic/pgf/utilities\pgfrcs.code.tex
(E:\MikTex\tex/generic/pgf\pgf.revision.tex)
Package: pgfrcs 2020/10/01 v3.1.6a (3.1.6a)
))
Package: pgf 2020/10/01 v3.1.6a (3.1.6a)

(E:\MikTex\tex/latex/pgf/basiclayer\pgfcore.sty
(E:\MikTex\tex/latex/pgf/systemlayer\pgfsys.sty
(E:\MikTex\tex/generic/pgf/systemlayer\pgfsys.code.tex
Package: pgfsys 2020/10/01 v3.1.6a (3.1.6a)

(E:\MikTex\tex/generic/pgf/utilities\pgfkeys.code.tex
\pgfkeys@pathtoks=\toks17
\pgfkeys@temptoks=\toks18

(E:\MikTex\tex/generic/pgf/utilities\pgfkeysfiltered.code.tex
\pgfkeys@tmptoks=\toks19
))
\pgf@x=\dimen132
\pgf@y=\dimen133
\pgf@xa=\dimen134
\pgf@ya=\dimen135
\pgf@xb=\dimen136
\pgf@yb=\dimen137
\pgf@xc=\dimen138
\pgf@yc=\dimen139
\pgf@xd=\dimen140
\pgf@yd=\dimen141
\w@pgf@writea=\write3
\r@pgf@reada=\read1
\c@pgf@counta=\count99
\c@pgf@countb=\count100
\c@pgf@countc=\count101
\c@pgf@countd=\count102
\t@pgf@toka=\toks20
\t@pgf@tokb=\toks21
\t@pgf@tokc=\toks22
\pgf@sys@id@count=\count103

(E:\MikTex\tex/generic/pgf/systemlayer\pgf.cfg
File: pgf.cfg 2020/10/01 v3.1.6a (3.1.6a)
)
Driver file for pgf: pgfsys-pdftex.def

(E:\MikTex\tex/generic/pgf/systemlayer\pgfsys-pdftex.def
File: pgfsys-pdftex.def 2020/10/01 v3.1.6a (3.1.6a)

(E:\MikTex\tex/generic/pgf/systemlayer\pgfsys-common-pdf.def
File: pgfsys-common-pdf.def 2020/10/01 v3.1.6a (3.1.6a)
)))
(E:\MikTex\tex/generic/pgf/systemlayer\pgfsyssoftpath.code.tex
File: pgfsyssoftpath.code.tex 2020/10/01 v3.1.6a (3.1.6a)
\pgfsyssoftpath@smallbuffer@items=\count104
\pgfsyssoftpath@bigbuffer@items=\count105
)
(E:\MikTex\tex/generic/pgf/systemlayer\pgfsysprotocol.code.tex
File: pgfsysprotocol.code.tex 2020/10/01 v3.1.6a (3.1.6a)
))
(E:\MikTex\tex/latex/xcolor\xcolor.sty
Package: xcolor 2016/05/11 v2.12 LaTeX color extensions (UK)

(E:\MikTex\tex/latex/graphics-cfg\color.cfg
File: color.cfg 2016/01/02 v1.6 sample color configuration
)
Package xcolor Info: Driver file: pdftex.def on input line 225.
Package xcolor Info: Model `cmy' substituted by `cmy0' on input line 1348.
Package xcolor Info: Model `hsb' substituted by `rgb' on input line 1352.
Package xcolor Info: Model `RGB' extended on input line 1364.
Package xcolor Info: Model `HTML' substituted by `rgb' on input line 1366.
Package xcolor Info: Model `Hsb' substituted by `hsb' on input line 1367.
Package xcolor Info: Model `tHsb' substituted by `hsb' on input line 1368.
Package xcolor Info: Model `HSB' substituted by `hsb' on input line 1369.
Package xcolor Info: Model `Gray' substituted by `gray' on input line 1370.
Package xcolor Info: Model `wave' substituted by `hsb' on input line 1371.
)
(E:\MikTex\tex/generic/pgf/basiclayer\pgfcore.code.tex
Package: pgfcore 2020/10/01 v3.1.6a (3.1.6a)

(E:\MikTex\tex/generic/pgf/math\pgfmath.code.tex
(E:\MikTex\tex/generic/pgf/math\pgfmathcalc.code.tex
(E:\MikTex\tex/generic/pgf/math\pgfmathutil.code.tex)
(E:\MikTex\tex/generic/pgf/math\pgfmathparser.code.tex
\pgfmath@dimen=\dimen142
\pgfmath@count=\count106
\pgfmath@box=\box30
\pgfmath@toks=\toks23
\pgfmath@stack@operand=\toks24
\pgfmath@stack@operation=\toks25
)
(E:\MikTex\tex/generic/pgf/math\pgfmathfunctions.code.tex
(E:\MikTex\tex/generic/pgf/math\pgfmathfunctions.basic.code.tex)
(E:\MikTex\tex/generic/pgf/math\pgfmathfunctions.trigonometric.code.tex)
(E:\MikTex\tex/generic/pgf/math\pgfmathfunctions.random.code.tex)
(E:\MikTex\tex/generic/pgf/math\pgfmathfunctions.comparison.code.tex)
(E:\MikTex\tex/generic/pgf/math\pgfmathfunctions.base.code.tex)
(E:\MikTex\tex/generic/pgf/math\pgfmathfunctions.round.code.tex)
(E:\MikTex\tex/generic/pgf/math\pgfmathfunctions.misc.code.tex)
(E:\MikTex\tex/generic/pgf/math\pgfmathfunctions.integerarithmetics.code.tex)))
(E:\MikTex\tex/generic/pgf/math\pgfmathfloat.code.tex
\c@pgfmathroundto@lastzeros=\count107
))
(E:\MikTex\tex/generic/pgf/math\pgfint.code.tex)
(E:\MikTex\tex/generic/pgf/basiclayer\pgfcorepoints.code.tex
File: pgfcorepoints.code.tex 2020/10/01 v3.1.6a (3.1.6a)
\pgf@picminx=\dimen143
\pgf@picmaxx=\dimen144
\pgf@picminy=\dimen145
\pgf@picmaxy=\dimen146
\pgf@pathminx=\dimen147
\pgf@pathmaxx=\dimen148
\pgf@pathminy=\dimen149
\pgf@pathmaxy=\dimen150
\pgf@xx=\dimen151
\pgf@xy=\dimen152
\pgf@yx=\dimen153
\pgf@yy=\dimen154
\pgf@zx=\dimen155
\pgf@zy=\dimen156
)
(E:\MikTex\tex/generic/pgf/basiclayer\pgfcorepathconstruct.code.tex
File: pgfcorepathconstruct.code.tex 2020/10/01 v3.1.6a (3.1.6a)
\pgf@path@lastx=\dimen157
\pgf@path@lasty=\dimen158
)
(E:\MikTex\tex/generic/pgf/basiclayer\pgfcorepathusage.code.tex
File: pgfcorepathusage.code.tex 2020/10/01 v3.1.6a (3.1.6a)
\pgf@shorten@end@additional=\dimen159
\pgf@shorten@start@additional=\dimen160
)
(E:\MikTex\tex/generic/pgf/basiclayer\pgfcorescopes.code.tex
File: pgfcorescopes.code.tex 2020/10/01 v3.1.6a (3.1.6a)
\pgfpic=\box31
\pgf@hbox=\box32
\pgf@layerbox@main=\box33
\pgf@picture@serial@count=\count108
)
(E:\MikTex\tex/generic/pgf/basiclayer\pgfcoregraphicstate.code.tex
File: pgfcoregraphicstate.code.tex 2020/10/01 v3.1.6a (3.1.6a)
\pgflinewidth=\dimen161
)
(E:\MikTex\tex/generic/pgf/basiclayer\pgfcoretransformations.code.tex
File: pgfcoretransformations.code.tex 2020/10/01 v3.1.6a (3.1.6a)
\pgf@pt@x=\dimen162
\pgf@pt@y=\dimen163
\pgf@pt@temp=\dimen164
)
(E:\MikTex\tex/generic/pgf/basiclayer\pgfcorequick.code.tex
File: pgfcorequick.code.tex 2020/10/01 v3.1.6a (3.1.6a)
)
(E:\MikTex\tex/generic/pgf/basiclayer\pgfcoreobjects.code.tex
File: pgfcoreobjects.code.tex 2020/10/01 v3.1.6a (3.1.6a)
)
(E:\MikTex\tex/generic/pgf/basiclayer\pgfcorepathprocessing.code.tex
File: pgfcorepathprocessing.code.tex 2020/10/01 v3.1.6a (3.1.6a)
)
(E:\MikTex\tex/generic/pgf/basiclayer\pgfcorearrows.code.tex
File: pgfcorearrows.code.tex 2020/10/01 v3.1.6a (3.1.6a)
\pgfarrowsep=\dimen165
)
(E:\MikTex\tex/generic/pgf/basiclayer\pgfcoreshade.code.tex
File: pgfcoreshade.code.tex 2020/10/01 v3.1.6a (3.1.6a)
\pgf@max=\dimen166
\pgf@sys@shading@range@num=\count109
\pgf@shadingcount=\count110
)
(E:\MikTex\tex/generic/pgf/basiclayer\pgfcoreimage.code.tex
File: pgfcoreimage.code.tex 2020/10/01 v3.1.6a (3.1.6a)

(E:\MikTex\tex/generic/pgf/basiclayer\pgfcoreexternal.code.tex
File: pgfcoreexternal.code.tex 2020/10/01 v3.1.6a (3.1.6a)
\pgfexternal@startupbox=\box34
))
(E:\MikTex\tex/generic/pgf/basiclayer\pgfcorelayers.code.tex
File: pgfcorelayers.code.tex 2020/10/01 v3.1.6a (3.1.6a)
)
(E:\MikTex\tex/generic/pgf/basiclayer\pgfcoretransparency.code.tex
File: pgfcoretransparency.code.tex 2020/10/01 v3.1.6a (3.1.6a)
)
(E:\MikTex\tex/generic/pgf/basiclayer\pgfcorepatterns.code.tex
File: pgfcorepatterns.code.tex 2020/10/01 v3.1.6a (3.1.6a)
)
(E:\MikTex\tex/generic/pgf/basiclayer\pgfcorerdf.code.tex
File: pgfcorerdf.code.tex 2020/10/01 v3.1.6a (3.1.6a)
)))
(E:\MikTex\tex/generic/pgf/modules\pgfmoduleshapes.code.tex
File: pgfmoduleshapes.code.tex 2020/10/01 v3.1.6a (3.1.6a)
\pgfnodeparttextbox=\box35
)
(E:\MikTex\tex/generic/pgf/modules\pgfmoduleplot.code.tex
File: pgfmoduleplot.code.tex 2020/10/01 v3.1.6a (3.1.6a)
)
(E:\MikTex\tex/latex/pgf/compatibility\pgfcomp-version-0-65.sty
Package: pgfcomp-version-0-65 2020/10/01 v3.1.6a (3.1.6a)
\pgf@nodesepstart=\dimen167
\pgf@nodesepend=\dimen168
)
(E:\MikTex\tex/latex/pgf/compatibility\pgfcomp-version-1-18.sty
Package: pgfcomp-version-1-18 2020/10/01 v3.1.6a (3.1.6a)
))
(E:\MikTex\tex/latex/pgf/utilities\pgffor.sty
(E:\MikTex\tex/latex/pgf/utilities\pgfkeys.sty
(E:\MikTex\tex/generic/pgf/utilities\pgfkeys.code.tex))
(E:\MikTex\tex/latex/pgf/math\pgfmath.sty
(E:\MikTex\tex/generic/pgf/math\pgfmath.code.tex))
(E:\MikTex\tex/generic/pgf/utilities\pgffor.code.tex
Package: pgffor 2020/10/01 v3.1.6a (3.1.6a)

(E:\MikTex\tex/generic/pgf/math\pgfmath.code.tex)
\pgffor@iter=\dimen169
\pgffor@skip=\dimen170
\pgffor@stack=\toks26
\pgffor@toks=\toks27
))
(E:\MikTex\tex/generic/pgf/frontendlayer/tikz\tikz.code.tex
Package: tikz 2020/10/01 v3.1.6a (3.1.6a)

(E:\MikTex\tex/generic/pgf/libraries\pgflibraryplothandlers.code.tex
File: pgflibraryplothandlers.code.tex 2020/10/01 v3.1.6a (3.1.6a)
\pgf@plot@mark@count=\count111
\pgfplotmarksize=\dimen171
)
\tikz@lastx=\dimen172
\tikz@lasty=\dimen173
\tikz@lastxsaved=\dimen174
\tikz@lastysaved=\dimen175
\tikz@lastmovetox=\dimen176
\tikz@lastmovetoy=\dimen177
\tikzleveldistance=\dimen178
\tikzsiblingdistance=\dimen179
\tikz@figbox=\box36
\tikz@figbox@bg=\box37
\tikz@tempbox=\box38
\tikz@tempbox@bg=\box39
\tikztreelevel=\count112
\tikznumberofchildren=\count113
\tikznumberofcurrentchild=\count114
\tikz@fig@count=\count115

(E:\MikTex\tex/generic/pgf/modules\pgfmodulematrix.code.tex
File: pgfmodulematrix.code.tex 2020/10/01 v3.1.6a (3.1.6a)
\pgfmatrixcurrentrow=\count116
\pgfmatrixcurrentcolumn=\count117
\pgf@matrix@numberofcolumns=\count118
)
\tikz@expandcount=\count119

(E:\MikTex\tex/generic/pgf/frontendlayer/tikz/libraries\tikzlibrarytopaths.code
.tex
File: tikzlibrarytopaths.code.tex 2020/10/01 v3.1.6a (3.1.6a)
)))
(E:\MikTex\tex/generic/pgf/frontendlayer/tikz/libraries\tikzlibrarysvg.path.cod
e.tex
File: tikzlibrarysvg.path.code.tex 2020/10/01 v3.1.6a (3.1.6a)
 (E:\MikTex\tex/generic/pgf/libraries\pgflibrarysvg.path.code.tex
File: pgflibrarysvg.path.code.tex 2020/10/01 v3.1.6a (3.1.6a)

(E:\MikTex\tex/generic/pgf/modules\pgfmoduleparser.code.tex
File: pgfmoduleparser.code.tex 2020/10/01 v3.1.6a (3.1.6a)
\pgfparserdef@arg@count=\count120
)
\pgf@lib@svg@last@x=\dimen180
\pgf@lib@svg@last@y=\dimen181
\pgf@lib@svg@last@c@x=\dimen182
\pgf@lib@svg@last@c@y=\dimen183
\pgf@lib@svg@count=\count121
\pgf@lib@svg@max@num=\count122
))
(E:\MikTex\tex/latex/subfig\subfig.sty
Package: subfig 2005/06/28 ver: 1.3 subfig package
 (E:\MikTex\tex/latex/caption\caption.sty
Package: caption 2020/10/26 v3.5g Customizing captions (AR)
(E:\MikTex\tex/latex/caption\caption3.sty
Package: caption3 2020/10/21 v2.2e caption3 kernel (AR)
\captionmargin=\dimen184
\captionmargin@=\dimen185
\captionwidth=\dimen186
\caption@tempdima=\dimen187
\caption@indent=\dimen188
\caption@parindent=\dimen189
\caption@hangindent=\dimen190
Package caption Info: Unknown document class (or package),
(caption)             standard defaults will be used.
Package caption Info: \@makecaption = \long macro:#1#2->\ifx \@captype \@IEEEta
blestring \footnotesize \bgroup \par \centering \@IEEEtabletopskipstrut {\norma
lfont \sffamily \footnotesize #1}\\{\normalfont \sffamily \footnotesize #2}\par
 \addvspace {0.5\baselineskip }\egroup \@IEEEtablecaptionsepspace \else \@IEEEf
igurecaptionsepspace \setbox \@tempboxa \hbox {\normalfont \sffamily \footnotes
ize {#1.}\nobreakspace #2}\ifdim \wd \@tempboxa >\hsize \setbox \@tempboxa \hbo
x {\normalfont \sffamily \footnotesize {#1.}\nobreakspace }\parbox [t]{\hsize }
{\normalfont \sffamily \footnotesize \noindent \unhbox \@tempboxa #2}\else \hbo
x to\hsize {\normalfont \sffamily \footnotesize \box \@tempboxa \hfil }\fi \fi 
 on input line 1139.
)

Package caption Warning: Unknown document class (or package),
(caption)                standard defaults will be used.
See the caption package documentation for explanation.

\c@caption@flags=\count123
\c@continuedfloat=\count124
)
\c@KVtest=\count125
\sf@farskip=\skip54
\sf@captopadj=\dimen191
\sf@capskip=\skip55
\sf@nearskip=\skip56
\c@subfigure=\count126
\c@subfigure@save=\count127
\c@lofdepth=\count128
\c@subtable=\count129
\c@subtable@save=\count130
\c@lotdepth=\count131
\sf@top=\skip57
\sf@bottom=\skip58
) (E:\MikTex\tex/latex/tools\array.sty
Package: array 2019/08/31 v2.4l Tabular extension package (FMi)
\col@sep=\dimen192
\ar@mcellbox=\box40
\extrarowheight=\dimen193
\NC@list=\toks28
\extratabsurround=\skip59
\backup@length=\skip60
\ar@cellbox=\box41
)
(E:\MikTex\tex/latex/tools\tabularx.sty
Package: tabularx 2016/02/03 v2.11b `tabularx' package (DPC)
\TX@col@width=\dimen194
\TX@old@table=\dimen195
\TX@old@col=\dimen196
\TX@target=\dimen197
\TX@delta=\dimen198
\TX@cols=\count132
\TX@ftn=\toks29
)
(E:\MikTex\tex/latex/booktabs\booktabs.sty
Package: booktabs 2020/01/12 v1.61803398 Publication quality tables
\heavyrulewidth=\dimen199
\lightrulewidth=\dimen256
\cmidrulewidth=\dimen257
\belowrulesep=\dimen258
\belowbottomsep=\dimen259
\aboverulesep=\dimen260
\abovetopsep=\dimen261
\cmidrulesep=\dimen262
\cmidrulekern=\dimen263
\defaultaddspace=\dimen264
\@cmidla=\count133
\@cmidlb=\count134
\@aboverulesep=\dimen265
\@belowrulesep=\dimen266
\@thisruleclass=\count135
\@lastruleclass=\count136
\@thisrulewidth=\dimen267
)
(E:\MikTex\tex/latex/tools\longtable.sty
Package: longtable 2019/02/06 v4.12 Multi-page Table package (DPC)
\LTleft=\skip61
\LTright=\skip62
\LTpre=\skip63
\LTpost=\skip64
\LTchunksize=\count137
\LTcapwidth=\dimen268
\LT@head=\box42
\LT@firsthead=\box43
\LT@foot=\box44
\LT@lastfoot=\box45
\LT@cols=\count138
\LT@rows=\count139
\c@LT@tables=\count140
\c@LT@chunks=\count141
\LT@p@ftn=\toks30
) (E:\MikTex\tex/latex/float\float.sty
Package: float 2001/11/08 v1.3d Float enhancements (AL)
\c@float@type=\count142
\float@exts=\toks31
\float@box=\box46
\@float@everytoks=\toks32
\@floatcapt=\box47
) (E:\MikTex\tex/latex/hyperref\hyperref.sty
Package: hyperref 2020-05-15 v7.00e Hypertext links for LaTeX

(E:\MikTex\tex/generic/oberdiek\ltxcmds.sty
Package: ltxcmds 2016/05/16 v1.23 LaTeX kernel commands for general use (HO)
)
(E:\MikTex\tex/generic/iftex\iftex.sty
Package: iftex 2020/03/06 v1.0d TeX engine tests
)
(E:\MikTex\tex/latex/pdftexcmds\pdftexcmds.sty
Package: pdftexcmds 2019/11/24 v0.31 Utility functions of pdfTeX for LuaTeX (HO
)

(E:\MikTex\tex/generic/oberdiek\infwarerr.sty
Package: infwarerr 2016/05/16 v1.4 Providing info/warning/error messages (HO)
)
Package pdftexcmds Info: \pdf@primitive is available.
Package pdftexcmds Info: \pdf@ifprimitive is available.
Package pdftexcmds Info: \pdfdraftmode found.
)
(E:\MikTex\tex/generic/oberdiek\kvsetkeys.sty
Package: kvsetkeys 2016/05/16 v1.17 Key value parser (HO)

(E:\MikTex\tex/generic/oberdiek\etexcmds.sty
Package: etexcmds 2016/05/16 v1.6 Avoid name clashes with e-TeX commands (HO)

(E:\MikTex\tex/generic/iftex\ifluatex.sty
Package: ifluatex 2019/10/25 v1.5 ifluatex legacy package. Use iftex instead.
)))
(E:\MikTex\tex/generic/oberdiek\kvdefinekeys.sty
Package: kvdefinekeys 2016/05/16 v1.4 Define keys (HO)
)
(E:\MikTex\tex/generic/oberdiek\pdfescape.sty
Package: pdfescape 2016/05/16 v1.14 Implements pdfTeX's escape features (HO)
)
(E:\MikTex\tex/latex/oberdiek\hycolor.sty
Package: hycolor 2016/05/16 v1.8 Color options for hyperref/bookmark (HO)

(E:\MikTex\tex/latex/oberdiek\xcolor-patch.sty
Package: xcolor-patch 2016/05/16 xcolor patch

(E:\MikTex\tex/latex/oberdiek\hopatch.sty
Package: hopatch 2016/05/16 v1.3 Wrapper for package hooks (HO)
)))
(E:\MikTex\tex/latex/oberdiek\letltxmacro.sty
Package: letltxmacro 2016/05/16 v1.5 Let assignment for LaTeX macros (HO)
)
(E:\MikTex\tex/latex/oberdiek\auxhook.sty
Package: auxhook 2016/05/16 v1.4 Hooks for auxiliary files (HO)
)
(E:\MikTex\tex/latex/oberdiek\kvoptions.sty
Package: kvoptions 2016/05/16 v3.12 Key value format for package options (HO)
)
\@linkdim=\dimen269
\Hy@linkcounter=\count143
\Hy@pagecounter=\count144

(E:\MikTex\tex/latex/hyperref\pd1enc.def
File: pd1enc.def 2020-05-15 v7.00e Hyperref: PDFDocEncoding definition (HO)
Now handling font encoding PD1 ...
... no UTF-8 mapping file for font encoding PD1
)
(E:\MikTex\tex/generic/oberdiek\intcalc.sty
Package: intcalc 2016/05/16 v1.2 Expandable calculations with integers (HO)
)
\Hy@SavedSpaceFactor=\count145

(E:\MikTex\tex/latex/00miktex\hyperref.cfg
File: hyperref.cfg 2002/06/06 v1.2 hyperref configuration of TeXLive
)
Package hyperref Info: Hyper figures OFF on input line 4464.
Package hyperref Info: Link nesting OFF on input line 4469.
Package hyperref Info: Hyper index ON on input line 4472.
Package hyperref Info: Plain pages OFF on input line 4479.
Package hyperref Info: Backreferencing OFF on input line 4484.
Package hyperref Info: Implicit mode ON; LaTeX internals redefined.
Package hyperref Info: Bookmarks ON on input line 4717.
\c@Hy@tempcnt=\count146
 (E:\MikTex\tex/latex/url\url.sty
\Urlmuskip=\muskip10
Package: url 2013/09/16  ver 3.4  Verb mode for urls, etc.
)
LaTeX Info: Redefining \url on input line 5076.
\XeTeXLinkMargin=\dimen270

(E:\MikTex\tex/generic/oberdiek\bitset.sty
Package: bitset 2016/05/16 v1.2 Handle bit-vector datatype (HO)

(E:\MikTex\tex/generic/oberdiek\bigintcalc.sty
Package: bigintcalc 2016/05/16 v1.4 Expandable calculations on big integers (HO
)
))
\Fld@menulength=\count147
\Field@Width=\dimen271
\Fld@charsize=\dimen272
Package hyperref Info: Hyper figures OFF on input line 6347.
Package hyperref Info: Link nesting OFF on input line 6352.
Package hyperref Info: Hyper index ON on input line 6355.
Package hyperref Info: backreferencing OFF on input line 6362.
Package hyperref Info: Link coloring OFF on input line 6367.
Package hyperref Info: Link coloring with OCG OFF on input line 6372.
Package hyperref Info: PDF/A mode OFF on input line 6377.
LaTeX Info: Redefining \ref on input line 6417.
LaTeX Info: Redefining \pageref on input line 6421.

(E:\MikTex\tex/generic/oberdiek\atbegshi.sty
Package: atbegshi 2016/06/09 v1.18 At begin shipout hook (HO)

(E:\MikTex\tex/generic/iftex\ifpdf.sty
Package: ifpdf 2019/10/25 v3.4 ifpdf legacy package. Use iftex instead.
))
\Hy@abspage=\count148
\c@Item=\count149
\c@Hfootnote=\count150
)
Package hyperref Info: Driver (autodetected): hpdftex.

(E:\MikTex\tex/latex/hyperref\hpdftex.def
File: hpdftex.def 2020-05-15 v7.00e Hyperref driver for pdfTeX

(E:\MikTex\tex/latex/oberdiek\atveryend.sty
Package: atveryend 2016/05/16 v1.9 Hooks at the very end of document (HO)
)
\Fld@listcount=\count151
\c@bookmark@seq@number=\count152

(E:\MikTex\tex/latex/oberdiek\rerunfilecheck.sty
Package: rerunfilecheck 2016/05/16 v1.8 Rerun checks for auxiliary files (HO)

(E:\MikTex\tex/generic/oberdiek\uniquecounter.sty
Package: uniquecounter 2016/05/16 v1.3 Provide unlimited unique counter (HO)
)
Package uniquecounter Info: New unique counter `rerunfilecheck' on input line 2
85.
)
\Hy@SectionHShift=\skip65
) (Ashu_COVID_Jobs.aux)
\openout1 = `Ashu_COVID_Jobs.aux'.

LaTeX Font Info:    Checking defaults for OML/cmm/m/it on input line 398.
LaTeX Font Info:    ... okay on input line 398.
LaTeX Font Info:    Checking defaults for T1/cmr/m/n on input line 398.
LaTeX Font Info:    ... okay on input line 398.
LaTeX Font Info:    Checking defaults for OT1/cmr/m/n on input line 398.
LaTeX Font Info:    ... okay on input line 398.
LaTeX Font Info:    Checking defaults for OMS/cmsy/m/n on input line 398.
LaTeX Font Info:    ... okay on input line 398.
LaTeX Font Info:    Checking defaults for OMX/cmex/m/n on input line 398.
LaTeX Font Info:    ... okay on input line 398.
LaTeX Font Info:    Checking defaults for U/cmr/m/n on input line 398.
LaTeX Font Info:    ... okay on input line 398.
LaTeX Font Info:    Checking defaults for PD1/pdf/m/n on input line 398.
LaTeX Font Info:    ... okay on input line 398.

-- Lines per column: 61 (exact).
(E:\MikTex\tex/context/base/mkii\supp-pdf.mkii
[Loading MPS to PDF converter (version 2006.09.02).]
\scratchcounter=\count153
\scratchdimen=\dimen273
\scratchbox=\box48
\nofMPsegments=\count154
\nofMParguments=\count155
\everyMPshowfont=\toks33
\MPscratchCnt=\count156
\MPscratchDim=\dimen274
\MPnumerator=\count157
\makeMPintoPDFobject=\count158
\everyMPtoPDFconversion=\toks34
) (E:\MikTex\tex/latex/epstopdf-pkg\epstopdf-base.sty
Package: epstopdf-base 2020-01-24 v2.11 Base part for package epstopdf
Package epstopdf-base Info: Redefining graphics rule for `.eps' on input line 4
85.
)
ABD: EveryShipout initializing macros
Package caption Info: Begin \AtBeginDocument code.
Package caption Info: subfig package v1.3 is loaded.
Package caption Info: float package is loaded.
Package caption Info: hyperref package is loaded.
Package caption Info: longtable package is loaded.

(E:\MikTex\tex/latex/caption\ltcaption.sty
Package: ltcaption 2020/05/30 v1.4b longtable captions (AR)
)
Package caption Info: End \AtBeginDocument code.
\AtBeginShipoutBox=\box49
Package hyperref Info: Link coloring OFF on input line 398.

(E:\MikTex\tex/latex/hyperref\nameref.sty
Package: nameref 2019/09/16 v2.46 Cross-referencing by name of section

(E:\MikTex\tex/latex/oberdiek\refcount.sty
Package: refcount 2016/05/16 v3.5 Data extraction from label references (HO)
)
(E:\MikTex\tex/generic/oberdiek\gettitlestring.sty
Package: gettitlestring 2016/05/16 v1.5 Cleanup title references (HO)
)
\c@section@level=\count159
)
LaTeX Info: Redefining \ref on input line 398.
LaTeX Info: Redefining \pageref on input line 398.
LaTeX Info: Redefining \nameref on input line 398.
 (Ashu_COVID_Jobs.out)
(Ashu_COVID_Jobs.out)
\@outlinefile=\write4
\openout4 = `Ashu_COVID_Jobs.out'.

LaTeX Font Info:    Trying to load font information for OT1+phv on input line 5
23.
 (E:\MikTex\tex/latex/psnfss\ot1phv.fd
File: ot1phv.fd 2020/03/25 scalable font definitions for OT1/phv.
)
LaTeX Font Info:    Calculating math sizes for size <11.04124> on input line 52
3.
LaTeX Font Info:    External font `cmex10' loaded for size
(Font)              <11.04124> on input line 523.
LaTeX Font Info:    External font `cmex10' loaded for size
(Font)              <7.72884> on input line 523.
LaTeX Font Info:    External font `cmex10' loaded for size
(Font)              <5.52061> on input line 523.
LaTeX Font Info:    Calculating math sizes for size <7.72884> on input line 523
.
LaTeX Font Info:    External font `cmex10' loaded for size
(Font)              <5.41016> on input line 523.
LaTeX Font Info:    External font `cmex10' loaded for size
(Font)              <3.86441> on input line 523.
LaTeX Font Info:    Font shape `OT1/phv/m/it' in size <11.04124> not available
(Font)              Font shape `OT1/phv/m/sl' tried instead on input line 523.
LaTeX Font Info:    Font shape `OT1/phv/bx/n' in size <8.03> not available
(Font)              Font shape `OT1/phv/b/n' tried instead on input line 523.
LaTeX Font Info:    Trying to load font information for U+pzd on input line 523
.

(E:\MikTex\tex/latex/psnfss\upzd.fd
File: upzd.fd 2001/06/04 font definitions for U/pzd.
)
LaTeX Font Info:    Calculating math sizes for size <8.03> on input line 523.
LaTeX Font Info:    External font `cmex10' loaded for size
(Font)              <8.03> on input line 523.
LaTeX Font Info:    External font `cmex10' loaded for size
(Font)              <5.62097> on input line 523.
LaTeX Font Info:    External font `cmex10' loaded for size
(Font)              <4.015> on input line 523.

Underfull \hbox (badness 10000) in paragraph at lines 523--523
\OT1/ppl/m/it/8.03 E-mail: ashutosh-math-s-ge-nius@gmail.com, ankurveer011@gmai
l.com,
 []

LaTeX Font Info:    Font shape `OT1/phv/bx/n' in size <11.04124> not available
(Font)              Font shape `OT1/phv/b/n' tried instead on input line 550.
LaTeX Font Info:    Font shape `OT1/phv/bx/sc' in size <11.04124> not available

(Font)              Font shape `OT1/phv/b/sc' tried instead on input line 550.
[1{C:/Users/Asus/AppData/Local/MiKTeX/2.9/pdftex/config/pdftex.map}


]
LaTeX Font Info:    Font shape `OT1/phv/bx/n' in size <9.53561> not available
(Font)              Font shape `OT1/phv/b/n' tried instead on input line 566.


pdfTeX warning: pdflatex.exe (file ./Figures/Predictor Model.pdf): PDF inclusio
n: found PDF version <1.7>, but at most version <1.5> allowed
<Figures/Predictor Model.pdf, id=102, 845.07718pt x 597.55246pt>
File: Figures/Predictor Model.pdf Graphic file (type pdf)
<use Figures/Predictor Model.pdf>
Package pdftex.def Info: Figures/Predictor Model.pdf  used on input line 576.
(pdftex.def)             Requested size: 361.34999pt x 255.51103pt.
LaTeX Font Info:    Calculating math sizes for size <9.53561> on input line 581
.
LaTeX Font Info:    External font `cmex10' loaded for size
(Font)              <9.53561> on input line 581.
LaTeX Font Info:    External font `cmex10' loaded for size
(Font)              <6.6749> on input line 581.
LaTeX Font Info:    External font `cmex10' loaded for size
(Font)              <4.7678> on input line 581.
[2]
Underfull \hbox (badness 10000) in paragraph at lines 617--619

 []

[3 <./Figures/Predictor Model.pdf>]
LaTeX Font Info:    Font shape `OT1/phv/m/it' in size <9.53561> not available
(Font)              Font shape `OT1/phv/m/sl' tried instead on input line 670.
<Figures/LSA_Preds_params1.pdf, id=177, 433.62pt x 289.08pt>
File: Figures/LSA_Preds_params1.pdf Graphic file (type pdf)
<use Figures/LSA_Preds_params1.pdf>
Package pdftex.def Info: Figures/LSA_Preds_params1.pdf  used on input line 696.

(pdftex.def)             Requested size: 258.9675pt x 172.65094pt.

Overfull \hbox (6.0225pt too wide) in paragraph at lines 696--697
 [][] 
 []

<Figures/LSA_Preds_params2.pdf, id=178, 433.62pt x 289.08pt>
File: Figures/LSA_Preds_params2.pdf Graphic file (type pdf)
<use Figures/LSA_Preds_params2.pdf>
Package pdftex.def Info: Figures/LSA_Preds_params2.pdf  used on input line 703.

(pdftex.def)             Requested size: 258.9675pt x 172.65094pt.

Overfull \hbox (6.0225pt too wide) in paragraph at lines 703--704
 [][] 
 []

<Figures/LSA_Preds_params3.pdf, id=179, 433.62pt x 289.08pt>
File: Figures/LSA_Preds_params3.pdf Graphic file (type pdf)
<use Figures/LSA_Preds_params3.pdf>
Package pdftex.def Info: Figures/LSA_Preds_params3.pdf  used on input line 710.

(pdftex.def)             Requested size: 258.9675pt x 172.65094pt.

Overfull \hbox (6.0225pt too wide) in paragraph at lines 710--711
 [][] 
 []

[4 <./Figures/LSA_Preds_params1.pdf> <./Figures/LSA_Preds_params2.pdf

pdfTeX warning: pdflatex.exe (file ./Figures/LSA_Preds_params2.pdf): PDF inclus
ion: multiple pdfs with page group included in a single page
>]
<Figures/Preds_v1.pdf, id=268, 578.16pt x 433.62pt>
File: Figures/Preds_v1.pdf Graphic file (type pdf)
<use Figures/Preds_v1.pdf>
Package pdftex.def Info: Figures/Preds_v1.pdf  used on input line 719.
(pdftex.def)             Requested size: 258.9675pt x 194.22073pt.

Overfull \hbox (6.0225pt too wide) in paragraph at lines 719--720
 [][] 
 []

<Figures/Preds_v2.pdf, id=269, 578.16pt x 433.62pt>
File: Figures/Preds_v2.pdf Graphic file (type pdf)
<use Figures/Preds_v2.pdf>
Package pdftex.def Info: Figures/Preds_v2.pdf  used on input line 726.
(pdftex.def)             Requested size: 258.9675pt x 194.22073pt.

Overfull \hbox (6.0225pt too wide) in paragraph at lines 726--727
 [][] 
 []

<Figures/Preds_v3.pdf, id=270, 578.16pt x 433.62pt>
File: Figures/Preds_v3.pdf Graphic file (type pdf)
<use Figures/Preds_v3.pdf>
Package pdftex.def Info: Figures/Preds_v3.pdf  used on input line 733.
(pdftex.def)             Requested size: 258.9675pt x 194.22073pt.

Overfull \hbox (6.0225pt too wide) in paragraph at lines 733--734
 [][] 
 []


Underfull \hbox (badness 10000) in paragraph at lines 814--815
[]\OT1/ppl/m/n/8.03 Sengupta, So-hini, Sa-reeta Mugde, and Garima Sharma.
 []


Underfull \hbox (badness 6575) in paragraph at lines 814--815
\OT1/ppl/m/n/8.03 "Covid-19 pan-demic data anal-y-sis and fore-cast-ing us-ing
 []


Underfull \hbox (badness 10000) in paragraph at lines 814--815
\OT1/ppl/m/n/8.03 ma-chine learn-ing al-go-rithms." medRxiv (2020). doi:
 []


Underfull \hbox (badness 10000) in paragraph at lines 820--821
[]\OT1/ppl/m/n/8.03 Poddar and Ya-dav. \Im-pact of COVID-19 on In-dian
 []


Underfull \hbox (badness 10000) in paragraph at lines 820--821
\OT1/ppl/m/n/8.03 Economy- A Re-view" Jour-nal of Hu-man-i-ties and So-
 []


Underfull \hbox (badness 10000) in paragraph at lines 820--821
\OT1/ppl/m/n/8.03 cial Sci-ences Re-search, Hori-zon Jour-nals (2020). doi:
 []

[5 <./Figures/LSA_Preds_params3.pdf> <./Figures/Preds_v1.pdf

pdfTeX warning: pdflatex.exe (file ./Figures/Preds_v1.pdf): PDF inclusion: mult
iple pdfs with page group included in a single page
> <./Figures/Preds_v2.pdf

pdfTeX warning: pdflatex.exe (file ./Figures/Preds_v2.pdf): PDF inclusion: mult
iple pdfs with page group included in a single page
> <./Figures/Preds_v3.pdf

pdfTeX warning: pdflatex.exe (file ./Figures/Preds_v3.pdf): PDF inclusion: mult
iple pdfs with page group included in a single page
>]
<Figures/Ashu_bw.png, id=419, 110.814pt x 144.54pt>
File: Figures/Ashu_bw.png Graphic file (type png)
<use Figures/Ashu_bw.png>
Package pdftex.def Info: Figures/Ashu_bw.png  used on input line 844.
(pdftex.def)             Requested size: 69.25856pt x 90.33727pt.
File: Figures/Ashu_bw.png Graphic file (type png)
<use Figures/Ashu_bw.png>
Package pdftex.def Info: Figures/Ashu_bw.png  used on input line 844.
(pdftex.def)             Requested size: 69.25856pt x 90.33727pt.
<Figures/Pawan_bw.jpg, id=423, 75.28125pt x 92.59593pt>
File: Figures/Pawan_bw.jpg Graphic file (type jpg)
<use Figures/Pawan_bw.jpg>
Package pdftex.def Info: Figures/Pawan_bw.jpg  used on input line 848.
(pdftex.def)             Requested size: 72.2772pt x 88.90096pt.
File: Figures/Pawan_bw.jpg Graphic file (type jpg)
<use Figures/Pawan_bw.jpg>
Package pdftex.def Info: Figures/Pawan_bw.jpg  used on input line 848.
(pdftex.def)             Requested size: 72.2772pt x 88.90096pt.

Underfull \hbox (badness 1436) in paragraph at lines 848--850
\OT1/phv/m/n/8.03 de-gree in Com-puter Sci-ence and En-gi-neer-
 []

<Figures/baseem_bw.jpg, id=426, 70.01157pt x 88.83188pt>
File: Figures/baseem_bw.jpg Graphic file (type jpg)
<use Figures/baseem_bw.jpg>
Package pdftex.def Info: Figures/baseem_bw.jpg  used on input line 852.
(pdftex.def)             Requested size: 71.20038pt x 90.34027pt.
File: Figures/baseem_bw.jpg Graphic file (type jpg)
<use Figures/baseem_bw.jpg>
Package pdftex.def Info: Figures/baseem_bw.jpg  used on input line 852.
(pdftex.def)             Requested size: 71.20038pt x 90.34027pt.
[6

 <./Figures/Ashu_bw.png> <./Figures/Pawan_bw.jpg> <./Figures/baseem_bw.jpg>]
Package atveryend Info: Empty hook `BeforeClearDocument' on input line 891.
Package atveryend Info: Empty hook `AfterLastShipout' on input line 891.

(Ashu_COVID_Jobs.aux)
Package atveryend Info: Executing hook `AtVeryEndDocument' on input line 891.
Package atveryend Info: Executing hook `AtEndAfterFileList' on input line 891.
Package rerunfilecheck Info: File `Ashu_COVID_Jobs.out' has not changed.
(rerunfilecheck)             Checksum: DBBF1B150553AD0EBED5EF3F0F9059F5;957.
 ) 
Here is how much of TeX's memory you used:
 19105 strings out of 492540
 363853 string characters out of 3139756
 435405 words of memory out of 3000000
 22968 multiletter control sequences out of 15000+200000
 49258 words of font info for 99 fonts, out of 3000000 for 9000
 1144 hyphenation exceptions out of 8191
 60i,14n,78p,1782b,904s stack positions out of 5000i,500n,10000p,200000b,50000s
{E:/MikTex/fonts/enc/dvips/base/8r.enc}<E:/MikTex/fonts/type1/public/amsfonts
/cm/cmex10.pfb><E:/MikTex/fonts/type1/public/amsfonts/cm/cmmi10.pfb><E:/MikTex/
fonts/type1/public/amsfonts/cm/cmmi7.pfb><E:/MikTex/fonts/type1/public/amsfonts
/cm/cmr10.pfb><E:/MikTex/fonts/type1/public/amsfonts/cm/cmr7.pfb><E:/MikTex/fon
ts/type1/public/amsfonts/cm/cmsy10.pfb><E:/MikTex/fonts/type1/public/amsfonts/c
m/cmsy7.pfb><E:/MikTex/fonts/type1/public/amsfonts/cm/cmsy8.pfb><E:/MikTex/font
s/type1/urw/helvetic/uhvb8a.pfb><E:/MikTex/fonts/type1/urw/helvetic/uhvr8a.pfb>
<E:/MikTex/fonts/type1/urw/helvetic/uhvro8a.pfb><E:/MikTex/fonts/type1/urw/pala
tino/uplb8a.pfb><E:/MikTex/fonts/type1/urw/palatino/uplr8a.pfb><E:/MikTex/fonts
/type1/urw/palatino/uplri8a.pfb><E:/MikTex/fonts/type1/urw/zapfding/uzdr.pfb>
Output written on Ashu_COVID_Jobs.pdf (6 pages, 480762 bytes).
PDF statistics:
 497 PDF objects out of 1000 (max. 8388607)
 46 named destinations out of 1000 (max. 500000)
 227 words of extra memory for PDF output out of 10000 (max. 10000000)

